<?xml version="1.0" encoding="UTF-8"?>
<robot generator="Robot 2.9 (Jython 2.7.0 on java1.8.0_60)" generated="20150915 23:19:10.014">
<suite source="C:\Users\james\Desktop\tic-tac-toe\acceptance\TicTacToeGUITests.txt" name="TicTacToeGUITests" id="s1">
<test name="Win Diagonally as X" id="s1-t1">
<kw name="Start New Game">
<kw name="Start Application">
<arguments>
<arg>edu.jsu.mcis.TicTacToe</arg>
</arguments>
<msg level="FAIL" timestamp="20150915 23:19:10.391">No keyword with name 'Start Application' found.</msg>
<status endtime="20150915 23:19:10.392" starttime="20150915 23:19:10.388" status="FAIL"></status>
</kw>
<status endtime="20150915 23:19:10.395" starttime="20150915 23:19:10.366" status="FAIL"></status>
</kw>
<status critical="yes" endtime="20150915 23:19:10.397" starttime="20150915 23:19:10.361" status="FAIL">No keyword with name 'Start Application' found.</status>
</test>
<test name="Win Horizontally as O" id="s1-t2">
<kw name="Start New Game">
<kw name="Start Application">
<arguments>
<arg>edu.jsu.mcis.TicTacToe</arg>
</arguments>
<msg level="FAIL" timestamp="20150915 23:19:10.418">No keyword with name 'Start Application' found.</msg>
<status endtime="20150915 23:19:10.419" starttime="20150915 23:19:10.416" status="FAIL"></status>
</kw>
<status endtime="20150915 23:19:10.420" starttime="20150915 23:19:10.404" status="FAIL"></status>
</kw>
<status critical="yes" endtime="20150915 23:19:10.422" starttime="20150915 23:19:10.401" status="FAIL">No keyword with name 'Start Application' found.</status>
</test>
<test name="Force a Tie" id="s1-t3">
<kw name="Start New Game">
<kw name="Start Application">
<arguments>
<arg>edu.jsu.mcis.TicTacToe</arg>
</arguments>
<msg level="FAIL" timestamp="20150915 23:19:10.448">No keyword with name 'Start Application' found.</msg>
<status endtime="20150915 23:19:10.450" starttime="20150915 23:19:10.447" status="FAIL"></status>
</kw>
<status endtime="20150915 23:19:10.452" starttime="20150915 23:19:10.427" status="FAIL"></status>
</kw>
<status critical="yes" endtime="20150915 23:19:10.454" starttime="20150915 23:19:10.424" status="FAIL">No keyword with name 'Start Application' found.</status>
</test>
<status endtime="20150915 23:19:10.458" starttime="20150915 23:19:10.028" status="FAIL"></status>
</suite>
<statistics>
<total>
<stat pass="0" fail="3">Critical Tests</stat>
<stat pass="0" fail="3">All Tests</stat>
</total>
<tag>
</tag>
<suite>
<stat pass="0" fail="3" name="TicTacToeGUITests" id="s1">TicTacToeGUITests</stat>
</suite>
</statistics>
<errors>
<msg level="ERROR" timestamp="20150915 23:19:10.355">Error in file 'C:\Users\james\Desktop\tic-tac-toe\acceptance\TicTacToeGUITests.txt': Importing test library 'SwingLibrary' failed: ImportError: No module named SwingLibrary
Traceback (most recent call last):
  None
PYTHONPATH:
  C:\RobotFramework\Lib
  C:\RobotFramework\robotframework-2.9.jar\Lib
  __classpath__
  __pyclasspath__/
CLASSPATH:
  .
  ..\build\classes\main
  C:\RobotFramework\robotframework-2.9.jar</msg>
</errors>
</robot>
